<?xml version="1.0" encoding="UTF-8"?>
<robot generator="Robot 4.1.2 (Python 3.9.8 on darwin)" generated="20211122 09:55:32.712" rpa="false" schemaversion="2">
<suite id="s1" name="Cadastro Alunos" source="/Users/carlosvinicius/RobotFramework/bodytest/tests/cadastro_alunos.robot">
<kw name="Start Admin Session" library="base" type="SETUP">
<kw name="Start Browser Session" library="base">
<kw name="New Browser" library="Browser">
<arg>chromium</arg>
<arg>False</arg>
<tag>BrowserControl</tag>
<tag>Setter</tag>
<doc>Create a new playwright Browser with specified options.</doc>
<msg timestamp="20211122 09:55:33.033" level="INFO">{"browser": "chromium", "headless": false, "handleSIGINT": true, "handleSIGTERM": true, "handleSIGHUP": true, "timeout": 30000.0, "devtools": false, "slowMo": 0.0, "tracesDir": "/Users/carlosvinicius/RobotFramework/bodytest/logs/browser/traces/61236f9e-9731-4c86-b533-03bbb2e15efe"}</msg>
<msg timestamp="20211122 09:55:33.337" level="INFO">Successfully created browser with options: {"browser":"chromium","headless":false,"handleSIGINT":true,"handleSIGTERM":true,"handleSIGHUP":true,"timeout":30000,"devtools":false,"slowMo":0,"tracesDir":"/Users/carlosvinicius/RobotFramework/bodytest/logs/browser/traces/61236f9e-9731-4c86-b533-03bbb2e15efe"}</msg>
<status status="PASS" starttime="20211122 09:55:33.033" endtime="20211122 09:55:33.337"/>
</kw>
<kw name="New Page" library="Browser">
<arg>about:blank</arg>
<tag>BrowserControl</tag>
<tag>Setter</tag>
<doc>Open a new Page. A Page is the Playwright equivalent to a tab.
See `Browser, Context and Page` for more information about Page concept.
Returns a stable identifier for the created page.</doc>
<msg timestamp="20211122 09:55:33.719" level="INFO">Successfully initialized new page object and opened url: about:blank</msg>
<msg timestamp="20211122 09:55:33.719" level="INFO">No context was open. New context was automatically opened when this page is created.</msg>
<status status="PASS" starttime="20211122 09:55:33.337" endtime="20211122 09:55:33.719"/>
</kw>
<status status="PASS" starttime="20211122 09:55:33.033" endtime="20211122 09:55:33.719"/>
</kw>
<kw name="Go To Login Page" library="auth">
<kw name="Go To" library="Browser">
<arg>https://bodytest-web-carlos.herokuapp.com/</arg>
<tag>BrowserControl</tag>
<tag>Setter</tag>
<doc>Navigates to the given ``url``.</doc>
<msg timestamp="20211122 09:55:35.807" level="INFO">Successfully opened URL https://bodytest-web-carlos.herokuapp.com/</msg>
<status status="PASS" starttime="20211122 09:55:33.719" endtime="20211122 09:55:35.807"/>
</kw>
<status status="PASS" starttime="20211122 09:55:33.719" endtime="20211122 09:55:35.807"/>
</kw>
<kw name="Login With" library="auth">
<arg>admin@bodytest.com</arg>
<arg>pwd123</arg>
<kw name="Fill Text" library="Browser">
<arg>css=input[name=email]</arg>
<arg>${email}</arg>
<tag>PageContent</tag>
<tag>Setter</tag>
<doc>Clears and fills the given ``txt`` into the text field found by ``selector``.</doc>
<msg timestamp="20211122 09:55:35.808" level="INFO">Fills the text 'admin@bodytest.com' in the given field.</msg>
<status status="PASS" starttime="20211122 09:55:35.807" endtime="20211122 09:55:35.834"/>
</kw>
<kw name="Fill Text" library="Browser">
<arg>css=input[name=password]</arg>
<arg>${pass}</arg>
<tag>PageContent</tag>
<tag>Setter</tag>
<doc>Clears and fills the given ``txt`` into the text field found by ``selector``.</doc>
<msg timestamp="20211122 09:55:35.834" level="INFO">Fills the text 'pwd123' in the given field.</msg>
<status status="PASS" starttime="20211122 09:55:35.834" endtime="20211122 09:55:35.841"/>
</kw>
<kw name="Click" library="Browser">
<arg>text=Entrar</arg>
<tag>PageContent</tag>
<tag>Setter</tag>
<doc>Simulates mouse click on the element found by ``selector``.</doc>
<status status="PASS" starttime="20211122 09:55:35.841" endtime="20211122 09:55:35.891"/>
</kw>
<status status="PASS" starttime="20211122 09:55:35.807" endtime="20211122 09:55:35.891"/>
</kw>
<kw name="User Should Be Logged In" library="nav">
<arg>Administrador</arg>
<kw name="Get Text" library="Browser">
<arg>css=aside strong</arg>
<arg>should be</arg>
<arg>${user_name}</arg>
<tag>Assertion</tag>
<tag>Getter</tag>
<tag>PageContent</tag>
<doc>Returns text attribute of the element found by ``selector``.</doc>
<status status="PASS" starttime="20211122 09:55:35.891" endtime="20211122 09:55:36.714"/>
</kw>
<status status="PASS" starttime="20211122 09:55:35.891" endtime="20211122 09:55:36.714"/>
</kw>
<status status="PASS" starttime="20211122 09:55:33.032" endtime="20211122 09:55:36.714"/>
</kw>
<test id="s1-t1" name="Novo aluno">
<kw name="Create Dictionary" library="BuiltIn">
<var>&amp;{student}</var>
<arg>name=Carlos Vinicius</arg>
<arg>email=carlos@teste.com</arg>
<arg>age=20</arg>
<arg>weight=80</arg>
<arg>feet_tall=1.85</arg>
<doc>Creates and returns a dictionary based on the given ``items``.</doc>
<msg timestamp="20211122 09:55:36.719" level="INFO">&amp;{student} = { name=Carlos Vinicius | email=carlos@teste.com | age=20 | weight=80 | feet_tall=1.85 }</msg>
<status status="PASS" starttime="20211122 09:55:36.718" endtime="20211122 09:55:36.719"/>
</kw>
<kw name="Remove Student" library="DeloreanLibrary">
<arg>${student.email}</arg>
<msg timestamp="20211122 09:55:36.720" level="INFO">delete from students where email = 'carlos@teste.com'</msg>
<status status="PASS" starttime="20211122 09:55:36.719" endtime="20211122 09:55:38.254"/>
</kw>
<kw name="Go To Students" library="nav">
<kw name="Click" library="Browser">
<arg>css=a[href$=alunos]</arg>
<tag>PageContent</tag>
<tag>Setter</tag>
<doc>Simulates mouse click on the element found by ``selector``.</doc>
<status status="PASS" starttime="20211122 09:55:38.256" endtime="20211122 09:55:38.309"/>
</kw>
<kw name="Wait For Elements State" library="Browser">
<arg>css=h1 &gt;&gt; text=Gestão de Alunos</arg>
<arg>visible</arg>
<arg>5</arg>
<tag>PageContent</tag>
<tag>Wait</tag>
<doc>Waits for the element found by ``selector`` to satisfy state option.</doc>
<msg timestamp="20211122 09:55:38.316" level="INFO">Waited for Element with selector css=h1 &gt;&gt; text=Gestão de Alunos at state visible</msg>
<status status="PASS" starttime="20211122 09:55:38.310" endtime="20211122 09:55:38.316"/>
</kw>
<status status="PASS" starttime="20211122 09:55:38.255" endtime="20211122 09:55:38.316"/>
</kw>
<kw name="Go To Form Student" library="students">
<kw name="Click" library="Browser">
<arg>css=a[href$="alunos/new"]</arg>
<tag>PageContent</tag>
<tag>Setter</tag>
<doc>Simulates mouse click on the element found by ``selector``.</doc>
<status status="PASS" starttime="20211122 09:55:38.317" endtime="20211122 09:55:38.363"/>
</kw>
<kw name="Wait For Elements State" library="Browser">
<arg>css=h1 &gt;&gt; text=Novo aluno</arg>
<arg>visible</arg>
<arg>5</arg>
<tag>PageContent</tag>
<tag>Wait</tag>
<doc>Waits for the element found by ``selector`` to satisfy state option.</doc>
<msg timestamp="20211122 09:55:38.367" level="INFO">Waited for Element with selector css=h1 &gt;&gt; text=Novo aluno at state visible</msg>
<status status="PASS" starttime="20211122 09:55:38.363" endtime="20211122 09:55:38.367"/>
</kw>
<status status="PASS" starttime="20211122 09:55:38.316" endtime="20211122 09:55:38.367"/>
</kw>
<kw name="New Student" library="students">
<arg>${student}</arg>
<kw name="Fill Text" library="Browser">
<arg>css=input[name=name]</arg>
<arg>${student.name}</arg>
<tag>PageContent</tag>
<tag>Setter</tag>
<doc>Clears and fills the given ``txt`` into the text field found by ``selector``.</doc>
<msg timestamp="20211122 09:55:38.368" level="INFO">Fills the text 'Carlos Vinicius' in the given field.</msg>
<status status="PASS" starttime="20211122 09:55:38.367" endtime="20211122 09:55:38.380"/>
</kw>
<kw name="Fill Text" library="Browser">
<arg>css=input[name=email]</arg>
<arg>${student.email}</arg>
<tag>PageContent</tag>
<tag>Setter</tag>
<doc>Clears and fills the given ``txt`` into the text field found by ``selector``.</doc>
<msg timestamp="20211122 09:55:38.380" level="INFO">Fills the text 'carlos@teste.com' in the given field.</msg>
<status status="PASS" starttime="20211122 09:55:38.380" endtime="20211122 09:55:38.386"/>
</kw>
<kw name="Fill Text" library="Browser">
<arg>css=input[name=age]</arg>
<arg>${student.age}</arg>
<tag>PageContent</tag>
<tag>Setter</tag>
<doc>Clears and fills the given ``txt`` into the text field found by ``selector``.</doc>
<msg timestamp="20211122 09:55:38.386" level="INFO">Fills the text '20' in the given field.</msg>
<status status="PASS" starttime="20211122 09:55:38.386" endtime="20211122 09:55:38.393"/>
</kw>
<kw name="Fill Text" library="Browser">
<arg>css=input[name=weight]</arg>
<arg>${student.weight}</arg>
<tag>PageContent</tag>
<tag>Setter</tag>
<doc>Clears and fills the given ``txt`` into the text field found by ``selector``.</doc>
<msg timestamp="20211122 09:55:38.393" level="INFO">Fills the text '80' in the given field.</msg>
<status status="PASS" starttime="20211122 09:55:38.393" endtime="20211122 09:55:38.399"/>
</kw>
<kw name="Fill Text" library="Browser">
<arg>css=input[name=feet_tall]</arg>
<arg>${student.feet_tall}</arg>
<tag>PageContent</tag>
<tag>Setter</tag>
<doc>Clears and fills the given ``txt`` into the text field found by ``selector``.</doc>
<msg timestamp="20211122 09:55:38.400" level="INFO">Fills the text '1.85' in the given field.</msg>
<status status="PASS" starttime="20211122 09:55:38.400" endtime="20211122 09:55:38.406"/>
</kw>
<kw name="Click" library="Browser">
<arg>xpath=//button[contains(text(), "Salvar")]</arg>
<tag>PageContent</tag>
<tag>Setter</tag>
<doc>Simulates mouse click on the element found by ``selector``.</doc>
<status status="PASS" starttime="20211122 09:55:38.406" endtime="20211122 09:55:38.435"/>
</kw>
<status status="PASS" starttime="20211122 09:55:38.367" endtime="20211122 09:55:38.436"/>
</kw>
<kw name="Toaster Text Should Be" library="components">
<arg>Aluno cadastrado com sucesso.</arg>
<kw name="Wait For Elements State" library="Browser">
<arg>css=.Toastify__toast-body &gt;&gt; text=${expect_text}</arg>
<arg>visible</arg>
<arg>5</arg>
<tag>PageContent</tag>
<tag>Wait</tag>
<doc>Waits for the element found by ``selector`` to satisfy state option.</doc>
<msg timestamp="20211122 09:55:39.041" level="INFO">Waited for Element with selector css=.Toastify__toast-body &gt;&gt; text=Aluno cadastrado com sucesso. at state visible</msg>
<status status="PASS" starttime="20211122 09:55:38.436" endtime="20211122 09:55:39.041"/>
</kw>
<status status="PASS" starttime="20211122 09:55:38.436" endtime="20211122 09:55:39.041"/>
</kw>
<kw name="Thinking And Take Screenshot" library="base" type="TEARDOWN">
<arg>2</arg>
<kw name="Sleep" library="BuiltIn">
<arg>${timeout}</arg>
<doc>Pauses the test executed for the given time.</doc>
<msg timestamp="20211122 09:55:41.044" level="INFO">Slept 2 seconds</msg>
<status status="PASS" starttime="20211122 09:55:39.042" endtime="20211122 09:55:41.044"/>
</kw>
<kw name="Take Screenshot" library="Browser">
<tag>PageContent</tag>
<doc>Takes a screenshot of the current window or element and saves it to disk.</doc>
<msg timestamp="20211122 09:55:41.151" level="INFO" html="true">&lt;/td&gt;&lt;/tr&gt;&lt;tr&gt;&lt;td colspan="3"&gt;&lt;a href="browser/screenshot/robotframework-browser-screenshot-1.png"&gt;&lt;img src="browser/screenshot/robotframework-browser-screenshot-1.png" width="800px"&gt;&lt;/a&gt;</msg>
<status status="PASS" starttime="20211122 09:55:41.045" endtime="20211122 09:55:41.151"/>
</kw>
<status status="PASS" starttime="20211122 09:55:39.041" endtime="20211122 09:55:41.151"/>
</kw>
<status status="PASS" starttime="20211122 09:55:36.714" endtime="20211122 09:55:41.151"/>
</test>
<test id="s1-t2" name="Não deve permitir email duplicado">
<kw name="Create Dictionary" library="BuiltIn">
<var>&amp;{student}</var>
<arg>name= Vinicius</arg>
<arg>email=vinicius@teste.com</arg>
<arg>age=21</arg>
<arg>weight=85</arg>
<arg>feet_tall=1.80</arg>
<doc>Creates and returns a dictionary based on the given ``items``.</doc>
<msg timestamp="20211122 09:55:41.155" level="INFO">&amp;{student} = { name= Vinicius | email=vinicius@teste.com | age=21 | weight=85 | feet_tall=1.80 }</msg>
<status status="PASS" starttime="20211122 09:55:41.154" endtime="20211122 09:55:41.155"/>
</kw>
<kw name="Insert Student" library="DeloreanLibrary">
<arg>${student}</arg>
<msg timestamp="20211122 09:55:41.155" level="INFO">delete from students where email = 'vinicius@teste.com'</msg>
<msg timestamp="20211122 09:55:42.652" level="INFO">insert into students (name, email, age, weight, feet_tall, created_at, updated_at)values(' Vinicius','vinicius@teste.com',21,85,1.80, NOW(), NOW());</msg>
<status status="PASS" starttime="20211122 09:55:41.155" endtime="20211122 09:55:44.186"/>
</kw>
<kw name="Go To Students" library="nav">
<kw name="Click" library="Browser">
<arg>css=a[href$=alunos]</arg>
<tag>PageContent</tag>
<tag>Setter</tag>
<doc>Simulates mouse click on the element found by ``selector``.</doc>
<status status="PASS" starttime="20211122 09:55:44.188" endtime="20211122 09:55:44.227"/>
</kw>
<kw name="Wait For Elements State" library="Browser">
<arg>css=h1 &gt;&gt; text=Gestão de Alunos</arg>
<arg>visible</arg>
<arg>5</arg>
<tag>PageContent</tag>
<tag>Wait</tag>
<doc>Waits for the element found by ``selector`` to satisfy state option.</doc>
<msg timestamp="20211122 09:55:44.250" level="INFO">Waited for Element with selector css=h1 &gt;&gt; text=Gestão de Alunos at state visible</msg>
<status status="PASS" starttime="20211122 09:55:44.227" endtime="20211122 09:55:44.250"/>
</kw>
<status status="PASS" starttime="20211122 09:55:44.187" endtime="20211122 09:55:44.250"/>
</kw>
<kw name="Go To Form Student" library="students">
<kw name="Click" library="Browser">
<arg>css=a[href$="alunos/new"]</arg>
<tag>PageContent</tag>
<tag>Setter</tag>
<doc>Simulates mouse click on the element found by ``selector``.</doc>
<status status="PASS" starttime="20211122 09:55:44.251" endtime="20211122 09:55:44.274"/>
</kw>
<kw name="Wait For Elements State" library="Browser">
<arg>css=h1 &gt;&gt; text=Novo aluno</arg>
<arg>visible</arg>
<arg>5</arg>
<tag>PageContent</tag>
<tag>Wait</tag>
<doc>Waits for the element found by ``selector`` to satisfy state option.</doc>
<msg timestamp="20211122 09:55:44.279" level="INFO">Waited for Element with selector css=h1 &gt;&gt; text=Novo aluno at state visible</msg>
<status status="PASS" starttime="20211122 09:55:44.274" endtime="20211122 09:55:44.279"/>
</kw>
<status status="PASS" starttime="20211122 09:55:44.250" endtime="20211122 09:55:44.280"/>
</kw>
<kw name="New Student" library="students">
<arg>${student}</arg>
<kw name="Fill Text" library="Browser">
<arg>css=input[name=name]</arg>
<arg>${student.name}</arg>
<tag>PageContent</tag>
<tag>Setter</tag>
<doc>Clears and fills the given ``txt`` into the text field found by ``selector``.</doc>
<msg timestamp="20211122 09:55:44.281" level="INFO">Fills the text ' Vinicius' in the given field.</msg>
<status status="PASS" starttime="20211122 09:55:44.280" endtime="20211122 09:55:44.291"/>
</kw>
<kw name="Fill Text" library="Browser">
<arg>css=input[name=email]</arg>
<arg>${student.email}</arg>
<tag>PageContent</tag>
<tag>Setter</tag>
<doc>Clears and fills the given ``txt`` into the text field found by ``selector``.</doc>
<msg timestamp="20211122 09:55:44.291" level="INFO">Fills the text 'vinicius@teste.com' in the given field.</msg>
<status status="PASS" starttime="20211122 09:55:44.291" endtime="20211122 09:55:44.300"/>
</kw>
<kw name="Fill Text" library="Browser">
<arg>css=input[name=age]</arg>
<arg>${student.age}</arg>
<tag>PageContent</tag>
<tag>Setter</tag>
<doc>Clears and fills the given ``txt`` into the text field found by ``selector``.</doc>
<msg timestamp="20211122 09:55:44.301" level="INFO">Fills the text '21' in the given field.</msg>
<status status="PASS" starttime="20211122 09:55:44.300" endtime="20211122 09:55:44.307"/>
</kw>
<kw name="Fill Text" library="Browser">
<arg>css=input[name=weight]</arg>
<arg>${student.weight}</arg>
<tag>PageContent</tag>
<tag>Setter</tag>
<doc>Clears and fills the given ``txt`` into the text field found by ``selector``.</doc>
<msg timestamp="20211122 09:55:44.307" level="INFO">Fills the text '85' in the given field.</msg>
<status status="PASS" starttime="20211122 09:55:44.307" endtime="20211122 09:55:44.314"/>
</kw>
<kw name="Fill Text" library="Browser">
<arg>css=input[name=feet_tall]</arg>
<arg>${student.feet_tall}</arg>
<tag>PageContent</tag>
<tag>Setter</tag>
<doc>Clears and fills the given ``txt`` into the text field found by ``selector``.</doc>
<msg timestamp="20211122 09:55:44.315" level="INFO">Fills the text '1.80' in the given field.</msg>
<status status="PASS" starttime="20211122 09:55:44.314" endtime="20211122 09:55:44.321"/>
</kw>
<kw name="Click" library="Browser">
<arg>xpath=//button[contains(text(), "Salvar")]</arg>
<tag>PageContent</tag>
<tag>Setter</tag>
<doc>Simulates mouse click on the element found by ``selector``.</doc>
<status status="PASS" starttime="20211122 09:55:44.321" endtime="20211122 09:55:44.350"/>
</kw>
<status status="PASS" starttime="20211122 09:55:44.280" endtime="20211122 09:55:44.350"/>
</kw>
<kw name="Toaster Text Should Be" library="components">
<arg>Email já existe no sistema.</arg>
<kw name="Wait For Elements State" library="Browser">
<arg>css=.Toastify__toast-body &gt;&gt; text=${expect_text}</arg>
<arg>visible</arg>
<arg>5</arg>
<tag>PageContent</tag>
<tag>Wait</tag>
<doc>Waits for the element found by ``selector`` to satisfy state option.</doc>
<msg timestamp="20211122 09:55:44.664" level="INFO">Waited for Element with selector css=.Toastify__toast-body &gt;&gt; text=Email já existe no sistema. at state visible</msg>
<status status="PASS" starttime="20211122 09:55:44.351" endtime="20211122 09:55:44.665"/>
</kw>
<status status="PASS" starttime="20211122 09:55:44.351" endtime="20211122 09:55:44.665"/>
</kw>
<kw name="Thinking And Take Screenshot" library="base" type="TEARDOWN">
<arg>2</arg>
<kw name="Sleep" library="BuiltIn">
<arg>${timeout}</arg>
<doc>Pauses the test executed for the given time.</doc>
<msg timestamp="20211122 09:55:46.668" level="INFO">Slept 2 seconds</msg>
<status status="PASS" starttime="20211122 09:55:44.665" endtime="20211122 09:55:46.669"/>
</kw>
<kw name="Take Screenshot" library="Browser">
<tag>PageContent</tag>
<doc>Takes a screenshot of the current window or element and saves it to disk.</doc>
<msg timestamp="20211122 09:55:46.786" level="INFO" html="true">&lt;/td&gt;&lt;/tr&gt;&lt;tr&gt;&lt;td colspan="3"&gt;&lt;a href="browser/screenshot/robotframework-browser-screenshot-2.png"&gt;&lt;img src="browser/screenshot/robotframework-browser-screenshot-2.png" width="800px"&gt;&lt;/a&gt;</msg>
<status status="PASS" starttime="20211122 09:55:46.669" endtime="20211122 09:55:46.786"/>
</kw>
<status status="PASS" starttime="20211122 09:55:44.665" endtime="20211122 09:55:46.786"/>
</kw>
<tag>dup</tag>
<status status="PASS" starttime="20211122 09:55:41.153" endtime="20211122 09:55:46.786"/>
</test>
<doc>Cadastro de Alunos</doc>
<status status="PASS" starttime="20211122 09:55:32.712" endtime="20211122 09:55:46.789"/>
</suite>
<statistics>
<total>
<stat pass="2" fail="0" skip="0">All Tests</stat>
</total>
<tag>
<stat pass="1" fail="0" skip="0">dup</stat>
</tag>
<suite>
<stat pass="2" fail="0" skip="0" id="s1" name="Cadastro Alunos">Cadastro Alunos</stat>
</suite>
</statistics>
<errors>
</errors>
</robot>
