<?xml version="1.0" encoding="UTF-8"?>
<robot generator="Robot 4.1.2 (Python 3.9.8 on darwin)" generated="20211121 09:16:30.447" rpa="false" schemaversion="2">
<suite id="s1" name="Cadastro Alunos" source="/Users/carlosvinicius/RobotFramework/bodytest/tests/cadastro_alunos.robot">
<kw name="Start Admin Session" library="base" type="SETUP">
<kw name="Start Browser Session" library="base">
<kw name="New Browser" library="Browser">
<arg>chromium</arg>
<arg>False</arg>
<tag>BrowserControl</tag>
<tag>Setter</tag>
<doc>Create a new playwright Browser with specified options.</doc>
<msg timestamp="20211121 09:16:30.935" level="INFO">{"browser": "chromium", "headless": false, "handleSIGINT": true, "handleSIGTERM": true, "handleSIGHUP": true, "timeout": 30000.0, "devtools": false, "slowMo": 0.0, "tracesDir": "/Users/carlosvinicius/RobotFramework/bodytest/logs/browser/traces/ea6aa262-9fc6-4c62-a06a-dd26536a4b81"}</msg>
<msg timestamp="20211121 09:16:31.480" level="INFO">Successfully created browser with options: {"browser":"chromium","headless":false,"handleSIGINT":true,"handleSIGTERM":true,"handleSIGHUP":true,"timeout":30000,"devtools":false,"slowMo":0,"tracesDir":"/Users/carlosvinicius/RobotFramework/bodytest/logs/browser/traces/ea6aa262-9fc6-4c62-a06a-dd26536a4b81"}</msg>
<status status="PASS" starttime="20211121 09:16:30.935" endtime="20211121 09:16:31.480"/>
</kw>
<kw name="New Page" library="Browser">
<arg>about:blank</arg>
<tag>BrowserControl</tag>
<tag>Setter</tag>
<doc>Open a new Page. A Page is the Playwright equivalent to a tab.
See `Browser, Context and Page` for more information about Page concept.
Returns a stable identifier for the created page.</doc>
<msg timestamp="20211121 09:16:31.964" level="INFO">Successfully initialized new page object and opened url: about:blank</msg>
<msg timestamp="20211121 09:16:31.964" level="INFO">No context was open. New context was automatically opened when this page is created.</msg>
<status status="PASS" starttime="20211121 09:16:31.480" endtime="20211121 09:16:31.964"/>
</kw>
<status status="PASS" starttime="20211121 09:16:30.935" endtime="20211121 09:16:31.964"/>
</kw>
<kw name="Go To Login Page" library="auth">
<kw name="Go To" library="Browser">
<arg>https://bodytest-web-carlos.herokuapp.com/</arg>
<tag>BrowserControl</tag>
<tag>Setter</tag>
<doc>Navigates to the given ``url``.</doc>
<msg timestamp="20211121 09:16:41.789" level="INFO">Successfully opened URL https://bodytest-web-carlos.herokuapp.com/</msg>
<status status="PASS" starttime="20211121 09:16:31.964" endtime="20211121 09:16:41.789"/>
</kw>
<status status="PASS" starttime="20211121 09:16:31.964" endtime="20211121 09:16:41.789"/>
</kw>
<kw name="Login With" library="auth">
<arg>admin@bodytest.com</arg>
<arg>pwd123</arg>
<kw name="Fill Text" library="Browser">
<arg>css=input[name=email]</arg>
<arg>${email}</arg>
<tag>PageContent</tag>
<tag>Setter</tag>
<doc>Clears and fills the given ``txt`` into the text field found by ``selector``.</doc>
<msg timestamp="20211121 09:16:41.790" level="INFO">Fills the text 'admin@bodytest.com' in the given field.</msg>
<status status="PASS" starttime="20211121 09:16:41.790" endtime="20211121 09:16:41.823"/>
</kw>
<kw name="Fill Text" library="Browser">
<arg>css=input[name=password]</arg>
<arg>${pass}</arg>
<tag>PageContent</tag>
<tag>Setter</tag>
<doc>Clears and fills the given ``txt`` into the text field found by ``selector``.</doc>
<msg timestamp="20211121 09:16:41.823" level="INFO">Fills the text 'pwd123' in the given field.</msg>
<status status="PASS" starttime="20211121 09:16:41.823" endtime="20211121 09:16:41.840"/>
</kw>
<kw name="Click" library="Browser">
<arg>text=Entrar</arg>
<tag>PageContent</tag>
<tag>Setter</tag>
<doc>Simulates mouse click on the element found by ``selector``.</doc>
<status status="PASS" starttime="20211121 09:16:41.841" endtime="20211121 09:16:41.892"/>
</kw>
<status status="PASS" starttime="20211121 09:16:41.789" endtime="20211121 09:16:41.892"/>
</kw>
<kw name="User Should Be Logged In" library="nav">
<arg>Administrador</arg>
<kw name="Get Text" library="Browser">
<arg>css=aside strong</arg>
<arg>should be</arg>
<arg>${user_name}</arg>
<tag>Assertion</tag>
<tag>Getter</tag>
<tag>PageContent</tag>
<doc>Returns text attribute of the element found by ``selector``.</doc>
<status status="PASS" starttime="20211121 09:16:41.892" endtime="20211121 09:16:51.054"/>
</kw>
<status status="PASS" starttime="20211121 09:16:41.892" endtime="20211121 09:16:51.054"/>
</kw>
<status status="PASS" starttime="20211121 09:16:30.934" endtime="20211121 09:16:51.054"/>
</kw>
<test id="s1-t1" name="Novo aluno">
<kw name="Create Dictionary" library="BuiltIn">
<var>&amp;{student}</var>
<arg>name=Carlos Vinicius</arg>
<arg>email=carlos@teste.com</arg>
<arg>age=20</arg>
<arg>weight=80</arg>
<arg>feet_tall=1.85</arg>
<doc>Creates and returns a dictionary based on the given ``items``.</doc>
<msg timestamp="20211121 09:16:51.058" level="INFO">&amp;{student} = { name=Carlos Vinicius | email=carlos@teste.com | age=20 | weight=80 | feet_tall=1.85 }</msg>
<status status="PASS" starttime="20211121 09:16:51.058" endtime="20211121 09:16:51.058"/>
</kw>
<kw name="Remove Student" library="DeloreanLibrary">
<arg>${student.email}</arg>
<msg timestamp="20211121 09:16:51.059" level="INFO">delete from students where email = 'carlos@teste.com'</msg>
<status status="PASS" starttime="20211121 09:16:51.059" endtime="20211121 09:16:52.638"/>
</kw>
<kw name="Go To Students" library="nav">
<kw name="Click" library="Browser">
<arg>css=a[href$=alunos]</arg>
<tag>PageContent</tag>
<tag>Setter</tag>
<doc>Simulates mouse click on the element found by ``selector``.</doc>
<status status="PASS" starttime="20211121 09:16:52.639" endtime="20211121 09:16:52.683"/>
</kw>
<kw name="Wait For Elements State" library="Browser">
<arg>css=h1 &gt;&gt; text=Gestão de Alunos</arg>
<arg>visible</arg>
<arg>5</arg>
<tag>PageContent</tag>
<tag>Wait</tag>
<doc>Waits for the element found by ``selector`` to satisfy state option.</doc>
<msg timestamp="20211121 09:16:52.689" level="INFO">Waited for Element with selector css=h1 &gt;&gt; text=Gestão de Alunos at state visible</msg>
<status status="PASS" starttime="20211121 09:16:52.684" endtime="20211121 09:16:52.689"/>
</kw>
<status status="PASS" starttime="20211121 09:16:52.638" endtime="20211121 09:16:52.689"/>
</kw>
<kw name="Go To Form Student" library="students">
<kw name="Click" library="Browser">
<arg>css=a[href$="alunos/new"]</arg>
<tag>PageContent</tag>
<tag>Setter</tag>
<doc>Simulates mouse click on the element found by ``selector``.</doc>
<status status="PASS" starttime="20211121 09:16:52.689" endtime="20211121 09:16:52.742"/>
</kw>
<kw name="Wait For Elements State" library="Browser">
<arg>css=h1 &gt;&gt; text=Novo aluno</arg>
<arg>visible</arg>
<arg>5</arg>
<tag>PageContent</tag>
<tag>Wait</tag>
<doc>Waits for the element found by ``selector`` to satisfy state option.</doc>
<msg timestamp="20211121 09:16:52.747" level="INFO">Waited for Element with selector css=h1 &gt;&gt; text=Novo aluno at state visible</msg>
<status status="PASS" starttime="20211121 09:16:52.742" endtime="20211121 09:16:52.747"/>
</kw>
<status status="PASS" starttime="20211121 09:16:52.689" endtime="20211121 09:16:52.747"/>
</kw>
<kw name="New Student" library="students">
<arg>${student}</arg>
<kw name="Fill Text" library="Browser">
<arg>css=input[name=name]</arg>
<arg>${student.name}</arg>
<tag>PageContent</tag>
<tag>Setter</tag>
<doc>Clears and fills the given ``txt`` into the text field found by ``selector``.</doc>
<msg timestamp="20211121 09:16:52.748" level="INFO">Fills the text 'Carlos Vinicius' in the given field.</msg>
<status status="PASS" starttime="20211121 09:16:52.747" endtime="20211121 09:16:52.759"/>
</kw>
<kw name="Fill Text" library="Browser">
<arg>css=input[name=email]</arg>
<arg>${student.email}</arg>
<tag>PageContent</tag>
<tag>Setter</tag>
<doc>Clears and fills the given ``txt`` into the text field found by ``selector``.</doc>
<msg timestamp="20211121 09:16:52.760" level="INFO">Fills the text 'carlos@teste.com' in the given field.</msg>
<status status="PASS" starttime="20211121 09:16:52.759" endtime="20211121 09:16:52.765"/>
</kw>
<kw name="Fill Text" library="Browser">
<arg>css=input[name=age]</arg>
<arg>${student.age}</arg>
<tag>PageContent</tag>
<tag>Setter</tag>
<doc>Clears and fills the given ``txt`` into the text field found by ``selector``.</doc>
<msg timestamp="20211121 09:16:52.766" level="INFO">Fills the text '20' in the given field.</msg>
<status status="PASS" starttime="20211121 09:16:52.765" endtime="20211121 09:16:52.771"/>
</kw>
<kw name="Fill Text" library="Browser">
<arg>css=input[name=weight]</arg>
<arg>${student.weight}</arg>
<tag>PageContent</tag>
<tag>Setter</tag>
<doc>Clears and fills the given ``txt`` into the text field found by ``selector``.</doc>
<msg timestamp="20211121 09:16:52.772" level="INFO">Fills the text '80' in the given field.</msg>
<status status="PASS" starttime="20211121 09:16:52.772" endtime="20211121 09:16:52.779"/>
</kw>
<kw name="Fill Text" library="Browser">
<arg>css=input[name=feet_tall]</arg>
<arg>${student.feet_tall}</arg>
<tag>PageContent</tag>
<tag>Setter</tag>
<doc>Clears and fills the given ``txt`` into the text field found by ``selector``.</doc>
<msg timestamp="20211121 09:16:52.779" level="INFO">Fills the text '1.85' in the given field.</msg>
<status status="PASS" starttime="20211121 09:16:52.779" endtime="20211121 09:16:52.785"/>
</kw>
<kw name="Click" library="Browser">
<arg>xpath=//button[contains(text(), "Salvar")]</arg>
<tag>PageContent</tag>
<tag>Setter</tag>
<doc>Simulates mouse click on the element found by ``selector``.</doc>
<status status="PASS" starttime="20211121 09:16:52.785" endtime="20211121 09:16:52.834"/>
</kw>
<status status="PASS" starttime="20211121 09:16:52.747" endtime="20211121 09:16:52.834"/>
</kw>
<kw name="Toaster Text Should Be" library="components">
<arg>Aluno cadastrado com sucesso.</arg>
<kw name="Wait For Elements State" library="Browser">
<arg>css=.Toastify__toast-body &gt;&gt; text=${expect_text}</arg>
<arg>visible</arg>
<arg>5</arg>
<tag>PageContent</tag>
<tag>Wait</tag>
<doc>Waits for the element found by ``selector`` to satisfy state option.</doc>
<msg timestamp="20211121 09:16:53.421" level="INFO">Waited for Element with selector css=.Toastify__toast-body &gt;&gt; text=Aluno cadastrado com sucesso. at state visible</msg>
<status status="PASS" starttime="20211121 09:16:52.834" endtime="20211121 09:16:53.421"/>
</kw>
<status status="PASS" starttime="20211121 09:16:52.834" endtime="20211121 09:16:53.422"/>
</kw>
<kw name="Thinking And Take Screenshot" library="base" type="TEARDOWN">
<arg>2</arg>
<kw name="Sleep" library="BuiltIn">
<arg>${timeout}</arg>
<doc>Pauses the test executed for the given time.</doc>
<msg timestamp="20211121 09:16:55.424" level="INFO">Slept 2 seconds</msg>
<status status="PASS" starttime="20211121 09:16:53.422" endtime="20211121 09:16:55.425"/>
</kw>
<kw name="Take Screenshot" library="Browser">
<tag>PageContent</tag>
<doc>Takes a screenshot of the current window or element and saves it to disk.</doc>
<msg timestamp="20211121 09:16:55.575" level="INFO" html="true">&lt;/td&gt;&lt;/tr&gt;&lt;tr&gt;&lt;td colspan="3"&gt;&lt;a href="browser/screenshot/robotframework-browser-screenshot-1.png"&gt;&lt;img src="browser/screenshot/robotframework-browser-screenshot-1.png" width="800px"&gt;&lt;/a&gt;</msg>
<status status="PASS" starttime="20211121 09:16:55.425" endtime="20211121 09:16:55.575"/>
</kw>
<status status="PASS" starttime="20211121 09:16:53.422" endtime="20211121 09:16:55.575"/>
</kw>
<status status="PASS" starttime="20211121 09:16:51.055" endtime="20211121 09:16:55.576"/>
</test>
<test id="s1-t2" name="Não deve permitir email duplicado">
<kw name="Create Dictionary" library="BuiltIn">
<var>&amp;{student}</var>
<arg>name= Vinicius</arg>
<arg>email=vinicius@teste.com</arg>
<arg>age=21</arg>
<arg>weight=85</arg>
<arg>feet_tall=1.80</arg>
<doc>Creates and returns a dictionary based on the given ``items``.</doc>
<msg timestamp="20211121 09:16:55.579" level="INFO">&amp;{student} = { name= Vinicius | email=vinicius@teste.com | age=21 | weight=85 | feet_tall=1.80 }</msg>
<status status="PASS" starttime="20211121 09:16:55.579" endtime="20211121 09:16:55.579"/>
</kw>
<kw name="Insert Student" library="DeloreanLibrary">
<arg>${student}</arg>
<msg timestamp="20211121 09:16:55.579" level="INFO">delete from students where email = 'vinicius@teste.com'</msg>
<msg timestamp="20211121 09:16:57.053" level="INFO">insert into students (name, email, age, weight, feet_tall, created_at, updated_at)values(' Vinicius','vinicius@teste.com',21,85,1.80, NOW(), NOW());</msg>
<status status="PASS" starttime="20211121 09:16:55.579" endtime="20211121 09:16:58.549"/>
</kw>
<kw name="Go To Students" library="nav">
<kw name="Click" library="Browser">
<arg>css=a[href$=alunos]</arg>
<tag>PageContent</tag>
<tag>Setter</tag>
<doc>Simulates mouse click on the element found by ``selector``.</doc>
<status status="PASS" starttime="20211121 09:16:58.551" endtime="20211121 09:16:58.588"/>
</kw>
<kw name="Wait For Elements State" library="Browser">
<arg>css=h1 &gt;&gt; text=Gestão de Alunos</arg>
<arg>visible</arg>
<arg>5</arg>
<tag>PageContent</tag>
<tag>Wait</tag>
<doc>Waits for the element found by ``selector`` to satisfy state option.</doc>
<msg timestamp="20211121 09:16:58.595" level="INFO">Waited for Element with selector css=h1 &gt;&gt; text=Gestão de Alunos at state visible</msg>
<status status="PASS" starttime="20211121 09:16:58.588" endtime="20211121 09:16:58.596"/>
</kw>
<status status="PASS" starttime="20211121 09:16:58.550" endtime="20211121 09:16:58.596"/>
</kw>
<kw name="Go To Form Student" library="students">
<kw name="Click" library="Browser">
<arg>css=a[href$="alunos/new"]</arg>
<tag>PageContent</tag>
<tag>Setter</tag>
<doc>Simulates mouse click on the element found by ``selector``.</doc>
<status status="PASS" starttime="20211121 09:16:58.596" endtime="20211121 09:16:58.643"/>
</kw>
<kw name="Wait For Elements State" library="Browser">
<arg>css=h1 &gt;&gt; text=Novo aluno</arg>
<arg>visible</arg>
<arg>5</arg>
<tag>PageContent</tag>
<tag>Wait</tag>
<doc>Waits for the element found by ``selector`` to satisfy state option.</doc>
<msg timestamp="20211121 09:16:58.648" level="INFO">Waited for Element with selector css=h1 &gt;&gt; text=Novo aluno at state visible</msg>
<status status="PASS" starttime="20211121 09:16:58.643" endtime="20211121 09:16:58.648"/>
</kw>
<status status="PASS" starttime="20211121 09:16:58.596" endtime="20211121 09:16:58.648"/>
</kw>
<kw name="New Student" library="students">
<arg>${student}</arg>
<kw name="Fill Text" library="Browser">
<arg>css=input[name=name]</arg>
<arg>${student.name}</arg>
<tag>PageContent</tag>
<tag>Setter</tag>
<doc>Clears and fills the given ``txt`` into the text field found by ``selector``.</doc>
<msg timestamp="20211121 09:16:58.649" level="INFO">Fills the text ' Vinicius' in the given field.</msg>
<status status="PASS" starttime="20211121 09:16:58.649" endtime="20211121 09:16:58.662"/>
</kw>
<kw name="Fill Text" library="Browser">
<arg>css=input[name=email]</arg>
<arg>${student.email}</arg>
<tag>PageContent</tag>
<tag>Setter</tag>
<doc>Clears and fills the given ``txt`` into the text field found by ``selector``.</doc>
<msg timestamp="20211121 09:16:58.662" level="INFO">Fills the text 'vinicius@teste.com' in the given field.</msg>
<status status="PASS" starttime="20211121 09:16:58.662" endtime="20211121 09:16:58.669"/>
</kw>
<kw name="Fill Text" library="Browser">
<arg>css=input[name=age]</arg>
<arg>${student.age}</arg>
<tag>PageContent</tag>
<tag>Setter</tag>
<doc>Clears and fills the given ``txt`` into the text field found by ``selector``.</doc>
<msg timestamp="20211121 09:16:58.670" level="INFO">Fills the text '21' in the given field.</msg>
<status status="PASS" starttime="20211121 09:16:58.669" endtime="20211121 09:16:58.677"/>
</kw>
<kw name="Fill Text" library="Browser">
<arg>css=input[name=weight]</arg>
<arg>${student.weight}</arg>
<tag>PageContent</tag>
<tag>Setter</tag>
<doc>Clears and fills the given ``txt`` into the text field found by ``selector``.</doc>
<msg timestamp="20211121 09:16:58.678" level="INFO">Fills the text '85' in the given field.</msg>
<status status="PASS" starttime="20211121 09:16:58.677" endtime="20211121 09:16:58.684"/>
</kw>
<kw name="Fill Text" library="Browser">
<arg>css=input[name=feet_tall]</arg>
<arg>${student.feet_tall}</arg>
<tag>PageContent</tag>
<tag>Setter</tag>
<doc>Clears and fills the given ``txt`` into the text field found by ``selector``.</doc>
<msg timestamp="20211121 09:16:58.684" level="INFO">Fills the text '1.80' in the given field.</msg>
<status status="PASS" starttime="20211121 09:16:58.684" endtime="20211121 09:16:58.689"/>
</kw>
<kw name="Click" library="Browser">
<arg>xpath=//button[contains(text(), "Salvar")]</arg>
<tag>PageContent</tag>
<tag>Setter</tag>
<doc>Simulates mouse click on the element found by ``selector``.</doc>
<status status="PASS" starttime="20211121 09:16:58.689" endtime="20211121 09:16:58.732"/>
</kw>
<status status="PASS" starttime="20211121 09:16:58.648" endtime="20211121 09:16:58.732"/>
</kw>
<kw name="Toaster Text Should Be" library="components">
<arg>Email já existe no sistema.</arg>
<kw name="Wait For Elements State" library="Browser">
<arg>css=.Toastify__toast-body &gt;&gt; text=${expect_text}</arg>
<arg>visible</arg>
<arg>5</arg>
<tag>PageContent</tag>
<tag>Wait</tag>
<doc>Waits for the element found by ``selector`` to satisfy state option.</doc>
<msg timestamp="20211121 09:16:59.080" level="INFO">Waited for Element with selector css=.Toastify__toast-body &gt;&gt; text=Email já existe no sistema. at state visible</msg>
<status status="PASS" starttime="20211121 09:16:58.732" endtime="20211121 09:16:59.080"/>
</kw>
<status status="PASS" starttime="20211121 09:16:58.732" endtime="20211121 09:16:59.080"/>
</kw>
<kw name="Thinking And Take Screenshot" library="base" type="TEARDOWN">
<arg>2</arg>
<kw name="Sleep" library="BuiltIn">
<arg>${timeout}</arg>
<doc>Pauses the test executed for the given time.</doc>
<msg timestamp="20211121 09:17:01.082" level="INFO">Slept 2 seconds</msg>
<status status="PASS" starttime="20211121 09:16:59.081" endtime="20211121 09:17:01.083"/>
</kw>
<kw name="Take Screenshot" library="Browser">
<tag>PageContent</tag>
<doc>Takes a screenshot of the current window or element and saves it to disk.</doc>
<msg timestamp="20211121 09:17:01.200" level="INFO" html="true">&lt;/td&gt;&lt;/tr&gt;&lt;tr&gt;&lt;td colspan="3"&gt;&lt;a href="browser/screenshot/robotframework-browser-screenshot-2.png"&gt;&lt;img src="browser/screenshot/robotframework-browser-screenshot-2.png" width="800px"&gt;&lt;/a&gt;</msg>
<status status="PASS" starttime="20211121 09:17:01.083" endtime="20211121 09:17:01.200"/>
</kw>
<status status="PASS" starttime="20211121 09:16:59.080" endtime="20211121 09:17:01.200"/>
</kw>
<tag>dup</tag>
<status status="PASS" starttime="20211121 09:16:55.577" endtime="20211121 09:17:01.200"/>
</test>
<doc>Cadastro de Alunos</doc>
<status status="PASS" starttime="20211121 09:16:30.448" endtime="20211121 09:17:01.202"/>
</suite>
<statistics>
<total>
<stat pass="2" fail="0" skip="0">All Tests</stat>
</total>
<tag>
<stat pass="1" fail="0" skip="0">dup</stat>
</tag>
<suite>
<stat pass="2" fail="0" skip="0" id="s1" name="Cadastro Alunos">Cadastro Alunos</stat>
</suite>
</statistics>
<errors>
</errors>
</robot>
