<?xml version="1.0" encoding="UTF-8"?>
<robot generator="Robot 4.1.1 (Python 3.9.5 on linux)" generated="20210927 21:40:57.327" rpa="false" schemaversion="2">
<suite id="s1" name="Login" source="/home/carlins/RobotExpert/bodytest/tests/login.robot">
<kw name="Start Browser Session" library="base" type="SETUP">
<kw name="New Browser" library="Browser">
<arg>chromium</arg>
<arg>False</arg>
<tag>BrowserControl</tag>
<tag>Setter</tag>
<doc>Create a new playwright Browser with specified options.</doc>
<msg timestamp="20210927 21:40:57.973" level="INFO">{"browser": "chromium", "headless": false, "handleSIGINT": true, "handleSIGTERM": true, "handleSIGHUP": true, "timeout": 30000.0, "devtools": false, "slowMo": 0.0, "tracesDir": "/home/carlins/RobotExpert/bodytest/logs/browser/traces/2a4e477b-042a-45d9-adac-7e59ebdb0d56"}</msg>
<msg timestamp="20210927 21:40:58.403" level="INFO">Successfully created browser with options: {"browser":"chromium","headless":false,"handleSIGINT":true,"handleSIGTERM":true,"handleSIGHUP":true,"timeout":30000,"devtools":false,"slowMo":0,"tracesDir":"/home/carlins/RobotExpert/bodytest/logs/browser/traces/2a4e477b-042a-45d9-adac-7e59ebdb0d56"}</msg>
<status status="PASS" starttime="20210927 21:40:57.972" endtime="20210927 21:40:58.403"/>
</kw>
<kw name="New Page" library="Browser">
<arg>about:blank</arg>
<tag>BrowserControl</tag>
<tag>Setter</tag>
<doc>Open a new Page. A Page is the Playwright equivalent to a tab.
See `Browser, Context and Page` for more information about Page concept.
Returns a stable identifier for the created page.</doc>
<msg timestamp="20210927 21:40:58.792" level="INFO">Successfully initialized new page object and opened url: about:blank</msg>
<msg timestamp="20210927 21:40:58.792" level="INFO">No context was open. New context was automatically opened when this page is created.</msg>
<status status="PASS" starttime="20210927 21:40:58.403" endtime="20210927 21:40:58.792"/>
</kw>
<status status="PASS" starttime="20210927 21:40:57.972" endtime="20210927 21:40:58.793"/>
</kw>
<test id="s1-t1" name="Login do Administrador">
<kw name="Go To Login Page" library="auth">
<kw name="Go To" library="Browser">
<arg>https://bodytest-web-carlos.herokuapp.com/</arg>
<tag>BrowserControl</tag>
<tag>Setter</tag>
<doc>Navigates to the given ``url``.</doc>
<msg timestamp="20210927 21:41:01.060" level="INFO">Successfully opened URL https://bodytest-web-carlos.herokuapp.com/</msg>
<status status="PASS" starttime="20210927 21:40:58.812" endtime="20210927 21:41:01.061"/>
</kw>
<status status="PASS" starttime="20210927 21:40:58.812" endtime="20210927 21:41:01.061"/>
</kw>
<kw name="Login With" library="auth">
<arg>admin@bodytest.com</arg>
<arg>pwd123</arg>
<kw name="Fill Text" library="Browser">
<arg>css=input[name=email]</arg>
<arg>${email}</arg>
<tag>PageContent</tag>
<tag>Setter</tag>
<doc>Clears and fills the given ``txt`` into the text field found by ``selector``.</doc>
<msg timestamp="20210927 21:41:01.062" level="INFO">Fills the text 'admin@bodytest.com' in the given field.</msg>
<status status="PASS" starttime="20210927 21:41:01.062" endtime="20210927 21:41:01.127"/>
</kw>
<kw name="Fill Text" library="Browser">
<arg>css=input[name=password]</arg>
<arg>${pass}</arg>
<tag>PageContent</tag>
<tag>Setter</tag>
<doc>Clears and fills the given ``txt`` into the text field found by ``selector``.</doc>
<msg timestamp="20210927 21:41:01.127" level="INFO">Fills the text 'pwd123' in the given field.</msg>
<status status="PASS" starttime="20210927 21:41:01.127" endtime="20210927 21:41:01.154"/>
</kw>
<kw name="Click" library="Browser">
<arg>text=Entrar</arg>
<tag>PageContent</tag>
<tag>Setter</tag>
<doc>Simulates mouse click on the element found by ``selector``.</doc>
<status status="PASS" starttime="20210927 21:41:01.155" endtime="20210927 21:41:01.220"/>
</kw>
<status status="PASS" starttime="20210927 21:41:01.061" endtime="20210927 21:41:01.220"/>
</kw>
<kw name="User Should Be Logged In" library="nav">
<arg>Administrador</arg>
<kw name="Get Text" library="Browser">
<arg>css=aside strong</arg>
<arg>should be</arg>
<arg>${user_name}</arg>
<tag>Assertion</tag>
<tag>Getter</tag>
<tag>PageContent</tag>
<doc>Returns text attribute of the element found by ``selector``.</doc>
<status status="PASS" starttime="20210927 21:41:01.221" endtime="20210927 21:41:02.269"/>
</kw>
<status status="PASS" starttime="20210927 21:41:01.221" endtime="20210927 21:41:02.269"/>
</kw>
<kw name="Clear LS And Take Screenshot" library="base" type="TEARDOWN">
<kw name="Take Screenshot" library="Browser">
<tag>PageContent</tag>
<doc>Takes a screenshot of the current window or element and saves it to disk.</doc>
<msg timestamp="20210927 21:41:02.385" level="INFO" html="true">&lt;/td&gt;&lt;/tr&gt;&lt;tr&gt;&lt;td colspan="3"&gt;&lt;a href="browser/screenshot/robotframework-browser-screenshot-1.png"&gt;&lt;img src="browser/screenshot/robotframework-browser-screenshot-1.png" width="800px"&gt;&lt;/a&gt;</msg>
<status status="PASS" starttime="20210927 21:41:02.271" endtime="20210927 21:41:02.385"/>
</kw>
<kw name="LocalStorage Clear" library="Browser">
<tag>PageContent</tag>
<tag>Setter</tag>
<doc>Remove all saved data from the local storage.</doc>
<msg timestamp="20210927 21:41:02.392" level="INFO"/>
<status status="PASS" starttime="20210927 21:41:02.385" endtime="20210927 21:41:02.393"/>
</kw>
<status status="PASS" starttime="20210927 21:41:02.270" endtime="20210927 21:41:02.393"/>
</kw>
<status status="PASS" starttime="20210927 21:40:58.793" endtime="20210927 21:41:02.393"/>
</test>
<test id="s1-t2" name="Senha incorreta">
<kw name="Go To Login Page" library="auth">
<kw name="Go To" library="Browser">
<arg>https://bodytest-web-carlos.herokuapp.com/</arg>
<tag>BrowserControl</tag>
<tag>Setter</tag>
<doc>Navigates to the given ``url``.</doc>
<msg timestamp="20210927 21:41:02.949" level="INFO">Successfully opened URL https://bodytest-web-carlos.herokuapp.com/</msg>
<status status="PASS" starttime="20210927 21:41:02.406" endtime="20210927 21:41:02.949"/>
</kw>
<status status="PASS" starttime="20210927 21:41:02.405" endtime="20210927 21:41:02.949"/>
</kw>
<kw name="Login With" library="auth">
<arg>admin@bodytest.com</arg>
<arg>abc123</arg>
<kw name="Fill Text" library="Browser">
<arg>css=input[name=email]</arg>
<arg>${email}</arg>
<tag>PageContent</tag>
<tag>Setter</tag>
<doc>Clears and fills the given ``txt`` into the text field found by ``selector``.</doc>
<msg timestamp="20210927 21:41:02.950" level="INFO">Fills the text 'admin@bodytest.com' in the given field.</msg>
<status status="PASS" starttime="20210927 21:41:02.950" endtime="20210927 21:41:02.991"/>
</kw>
<kw name="Fill Text" library="Browser">
<arg>css=input[name=password]</arg>
<arg>${pass}</arg>
<tag>PageContent</tag>
<tag>Setter</tag>
<doc>Clears and fills the given ``txt`` into the text field found by ``selector``.</doc>
<msg timestamp="20210927 21:41:02.991" level="INFO">Fills the text 'abc123' in the given field.</msg>
<status status="PASS" starttime="20210927 21:41:02.991" endtime="20210927 21:41:03.015"/>
</kw>
<kw name="Click" library="Browser">
<arg>text=Entrar</arg>
<tag>PageContent</tag>
<tag>Setter</tag>
<doc>Simulates mouse click on the element found by ``selector``.</doc>
<status status="PASS" starttime="20210927 21:41:03.016" endtime="20210927 21:41:03.081"/>
</kw>
<status status="PASS" starttime="20210927 21:41:02.949" endtime="20210927 21:41:03.081"/>
</kw>
<kw name="Toaster Text Should Be" library="auth">
<arg>Usuário e/ou senha inválidos.</arg>
<kw name="Wait For Elements State" library="Browser">
<arg>css=.Toastify__toast-body &gt;&gt; text=${expect_text}</arg>
<arg>visible</arg>
<arg>5</arg>
<tag>PageContent</tag>
<tag>Wait</tag>
<doc>Waits for the element found by ``selector`` to satisfy state option.</doc>
<msg timestamp="20210927 21:41:03.286" level="INFO">Wait for Element with selector: css=.Toastify__toast-body &gt;&gt; text=Usuário e/ou senha inválidos.</msg>
<status status="PASS" starttime="20210927 21:41:03.082" endtime="20210927 21:41:03.286"/>
</kw>
<status status="PASS" starttime="20210927 21:41:03.082" endtime="20210927 21:41:03.287"/>
</kw>
<kw name="Thinking And Take Screenshot" library="base" type="TEARDOWN">
<arg>2</arg>
<kw name="Sleep" library="BuiltIn">
<arg>${timeout}</arg>
<doc>Pauses the test executed for the given time.</doc>
<msg timestamp="20210927 21:41:05.289" level="INFO">Slept 2 seconds</msg>
<status status="PASS" starttime="20210927 21:41:03.287" endtime="20210927 21:41:05.289"/>
</kw>
<kw name="Take Screenshot" library="Browser">
<tag>PageContent</tag>
<doc>Takes a screenshot of the current window or element and saves it to disk.</doc>
<msg timestamp="20210927 21:41:05.401" level="INFO" html="true">&lt;/td&gt;&lt;/tr&gt;&lt;tr&gt;&lt;td colspan="3"&gt;&lt;a href="browser/screenshot/robotframework-browser-screenshot-2.png"&gt;&lt;img src="browser/screenshot/robotframework-browser-screenshot-2.png" width="800px"&gt;&lt;/a&gt;</msg>
<status status="PASS" starttime="20210927 21:41:05.289" endtime="20210927 21:41:05.401"/>
</kw>
<status status="PASS" starttime="20210927 21:41:03.287" endtime="20210927 21:41:05.401"/>
</kw>
<status status="PASS" starttime="20210927 21:41:02.398" endtime="20210927 21:41:05.402"/>
</test>
<test id="s1-t3" name="Email não cadastrado">
<kw name="Go To Login Page" library="auth">
<kw name="Go To" library="Browser">
<arg>https://bodytest-web-carlos.herokuapp.com/</arg>
<tag>BrowserControl</tag>
<tag>Setter</tag>
<doc>Navigates to the given ``url``.</doc>
<msg timestamp="20210927 21:41:05.942" level="INFO">Successfully opened URL https://bodytest-web-carlos.herokuapp.com/</msg>
<status status="PASS" starttime="20210927 21:41:05.414" endtime="20210927 21:41:05.942"/>
</kw>
<status status="PASS" starttime="20210927 21:41:05.414" endtime="20210927 21:41:05.943"/>
</kw>
<kw name="Login With" library="auth">
<arg>carlos@teste.com</arg>
<arg>abc123</arg>
<kw name="Fill Text" library="Browser">
<arg>css=input[name=email]</arg>
<arg>${email}</arg>
<tag>PageContent</tag>
<tag>Setter</tag>
<doc>Clears and fills the given ``txt`` into the text field found by ``selector``.</doc>
<msg timestamp="20210927 21:41:05.944" level="INFO">Fills the text 'carlos@teste.com' in the given field.</msg>
<status status="PASS" starttime="20210927 21:41:05.943" endtime="20210927 21:41:05.993"/>
</kw>
<kw name="Fill Text" library="Browser">
<arg>css=input[name=password]</arg>
<arg>${pass}</arg>
<tag>PageContent</tag>
<tag>Setter</tag>
<doc>Clears and fills the given ``txt`` into the text field found by ``selector``.</doc>
<msg timestamp="20210927 21:41:05.993" level="INFO">Fills the text 'abc123' in the given field.</msg>
<status status="PASS" starttime="20210927 21:41:05.993" endtime="20210927 21:41:06.017"/>
</kw>
<kw name="Click" library="Browser">
<arg>text=Entrar</arg>
<tag>PageContent</tag>
<tag>Setter</tag>
<doc>Simulates mouse click on the element found by ``selector``.</doc>
<status status="PASS" starttime="20210927 21:41:06.017" endtime="20210927 21:41:06.104"/>
</kw>
<status status="PASS" starttime="20210927 21:41:05.943" endtime="20210927 21:41:06.105"/>
</kw>
<kw name="Toaster Text Should Be" library="auth">
<arg>Usuário e/ou senha inválidos.</arg>
<kw name="Wait For Elements State" library="Browser">
<arg>css=.Toastify__toast-body &gt;&gt; text=${expect_text}</arg>
<arg>visible</arg>
<arg>5</arg>
<tag>PageContent</tag>
<tag>Wait</tag>
<doc>Waits for the element found by ``selector`` to satisfy state option.</doc>
<msg timestamp="20210927 21:41:06.461" level="INFO">Wait for Element with selector: css=.Toastify__toast-body &gt;&gt; text=Usuário e/ou senha inválidos.</msg>
<status status="PASS" starttime="20210927 21:41:06.105" endtime="20210927 21:41:06.462"/>
</kw>
<status status="PASS" starttime="20210927 21:41:06.105" endtime="20210927 21:41:06.462"/>
</kw>
<kw name="Thinking And Take Screenshot" library="base" type="TEARDOWN">
<arg>2</arg>
<kw name="Sleep" library="BuiltIn">
<arg>${timeout}</arg>
<doc>Pauses the test executed for the given time.</doc>
<msg timestamp="20210927 21:41:08.464" level="INFO">Slept 2 seconds</msg>
<status status="PASS" starttime="20210927 21:41:06.463" endtime="20210927 21:41:08.464"/>
</kw>
<kw name="Take Screenshot" library="Browser">
<tag>PageContent</tag>
<doc>Takes a screenshot of the current window or element and saves it to disk.</doc>
<msg timestamp="20210927 21:41:08.592" level="INFO" html="true">&lt;/td&gt;&lt;/tr&gt;&lt;tr&gt;&lt;td colspan="3"&gt;&lt;a href="browser/screenshot/robotframework-browser-screenshot-3.png"&gt;&lt;img src="browser/screenshot/robotframework-browser-screenshot-3.png" width="800px"&gt;&lt;/a&gt;</msg>
<status status="PASS" starttime="20210927 21:41:08.464" endtime="20210927 21:41:08.592"/>
</kw>
<status status="PASS" starttime="20210927 21:41:06.462" endtime="20210927 21:41:08.592"/>
</kw>
<status status="PASS" starttime="20210927 21:41:05.408" endtime="20210927 21:41:08.592"/>
</test>
<test id="s1-t4" name="Email Incorreto">
<kw name="Go To Login Page" library="auth">
<kw name="Go To" library="Browser">
<arg>https://bodytest-web-carlos.herokuapp.com/</arg>
<tag>BrowserControl</tag>
<tag>Setter</tag>
<doc>Navigates to the given ``url``.</doc>
<msg timestamp="20210927 21:41:09.154" level="INFO">Successfully opened URL https://bodytest-web-carlos.herokuapp.com/</msg>
<status status="PASS" starttime="20210927 21:41:08.605" endtime="20210927 21:41:09.155"/>
</kw>
<status status="PASS" starttime="20210927 21:41:08.604" endtime="20210927 21:41:09.155"/>
</kw>
<kw name="Login With" library="auth">
<arg>admin*bodytest.com</arg>
<arg>pwd123</arg>
<kw name="Fill Text" library="Browser">
<arg>css=input[name=email]</arg>
<arg>${email}</arg>
<tag>PageContent</tag>
<tag>Setter</tag>
<doc>Clears and fills the given ``txt`` into the text field found by ``selector``.</doc>
<msg timestamp="20210927 21:41:09.156" level="INFO">Fills the text 'admin*bodytest.com' in the given field.</msg>
<status status="PASS" starttime="20210927 21:41:09.156" endtime="20210927 21:41:09.204"/>
</kw>
<kw name="Fill Text" library="Browser">
<arg>css=input[name=password]</arg>
<arg>${pass}</arg>
<tag>PageContent</tag>
<tag>Setter</tag>
<doc>Clears and fills the given ``txt`` into the text field found by ``selector``.</doc>
<msg timestamp="20210927 21:41:09.204" level="INFO">Fills the text 'pwd123' in the given field.</msg>
<status status="PASS" starttime="20210927 21:41:09.204" endtime="20210927 21:41:09.236"/>
</kw>
<kw name="Click" library="Browser">
<arg>text=Entrar</arg>
<tag>PageContent</tag>
<tag>Setter</tag>
<doc>Simulates mouse click on the element found by ``selector``.</doc>
<status status="PASS" starttime="20210927 21:41:09.237" endtime="20210927 21:41:09.304"/>
</kw>
<status status="PASS" starttime="20210927 21:41:09.155" endtime="20210927 21:41:09.305"/>
</kw>
<kw name="Alert Text Should Be" library="auth">
<arg>Informe um e-mail válido</arg>
<kw name="Wait For Elements State" library="Browser">
<arg>css=form span &gt;&gt; text=${expect_text}</arg>
<arg>visible</arg>
<arg>5</arg>
<tag>PageContent</tag>
<tag>Wait</tag>
<doc>Waits for the element found by ``selector`` to satisfy state option.</doc>
<msg timestamp="20210927 21:41:09.333" level="INFO">Wait for Element with selector: css=form span &gt;&gt; text=Informe um e-mail válido</msg>
<status status="PASS" starttime="20210927 21:41:09.305" endtime="20210927 21:41:09.333"/>
</kw>
<status status="PASS" starttime="20210927 21:41:09.305" endtime="20210927 21:41:09.333"/>
</kw>
<kw name="LocalStorage Clear" library="Browser" type="TEARDOWN">
<tag>PageContent</tag>
<tag>Setter</tag>
<doc>Remove all saved data from the local storage.</doc>
<msg timestamp="20210927 21:41:09.343" level="INFO"/>
<status status="PASS" starttime="20210927 21:41:09.333" endtime="20210927 21:41:09.343"/>
</kw>
<status status="PASS" starttime="20210927 21:41:08.598" endtime="20210927 21:41:09.343"/>
</test>
<test id="s1-t5" name="Senha não informada">
<kw name="Go To Login Page" library="auth">
<kw name="Go To" library="Browser">
<arg>https://bodytest-web-carlos.herokuapp.com/</arg>
<tag>BrowserControl</tag>
<tag>Setter</tag>
<doc>Navigates to the given ``url``.</doc>
<msg timestamp="20210927 21:41:09.896" level="INFO">Successfully opened URL https://bodytest-web-carlos.herokuapp.com/</msg>
<status status="PASS" starttime="20210927 21:41:09.357" endtime="20210927 21:41:09.896"/>
</kw>
<status status="PASS" starttime="20210927 21:41:09.357" endtime="20210927 21:41:09.896"/>
</kw>
<kw name="Login With" library="auth">
<arg>admin@bodytest.com</arg>
<arg>${EMPTY}</arg>
<kw name="Fill Text" library="Browser">
<arg>css=input[name=email]</arg>
<arg>${email}</arg>
<tag>PageContent</tag>
<tag>Setter</tag>
<doc>Clears and fills the given ``txt`` into the text field found by ``selector``.</doc>
<msg timestamp="20210927 21:41:09.898" level="INFO">Fills the text 'admin@bodytest.com' in the given field.</msg>
<status status="PASS" starttime="20210927 21:41:09.898" endtime="20210927 21:41:09.940"/>
</kw>
<kw name="Fill Text" library="Browser">
<arg>css=input[name=password]</arg>
<arg>${pass}</arg>
<tag>PageContent</tag>
<tag>Setter</tag>
<doc>Clears and fills the given ``txt`` into the text field found by ``selector``.</doc>
<msg timestamp="20210927 21:41:09.940" level="INFO">Fills the text '' in the given field.</msg>
<status status="PASS" starttime="20210927 21:41:09.940" endtime="20210927 21:41:09.979"/>
</kw>
<kw name="Click" library="Browser">
<arg>text=Entrar</arg>
<tag>PageContent</tag>
<tag>Setter</tag>
<doc>Simulates mouse click on the element found by ``selector``.</doc>
<status status="PASS" starttime="20210927 21:41:09.979" endtime="20210927 21:41:10.045"/>
</kw>
<status status="PASS" starttime="20210927 21:41:09.897" endtime="20210927 21:41:10.045"/>
</kw>
<kw name="Alert Text Should Be" library="auth">
<arg>A senha é obrigatória</arg>
<kw name="Wait For Elements State" library="Browser">
<arg>css=form span &gt;&gt; text=${expect_text}</arg>
<arg>visible</arg>
<arg>5</arg>
<tag>PageContent</tag>
<tag>Wait</tag>
<doc>Waits for the element found by ``selector`` to satisfy state option.</doc>
<msg timestamp="20210927 21:41:10.084" level="INFO">Wait for Element with selector: css=form span &gt;&gt; text=A senha é obrigatória</msg>
<status status="PASS" starttime="20210927 21:41:10.046" endtime="20210927 21:41:10.084"/>
</kw>
<status status="PASS" starttime="20210927 21:41:10.045" endtime="20210927 21:41:10.084"/>
</kw>
<kw name="LocalStorage Clear" library="Browser" type="TEARDOWN">
<tag>PageContent</tag>
<tag>Setter</tag>
<doc>Remove all saved data from the local storage.</doc>
<msg timestamp="20210927 21:41:10.092" level="INFO"/>
<status status="PASS" starttime="20210927 21:41:10.084" endtime="20210927 21:41:10.093"/>
</kw>
<status status="PASS" starttime="20210927 21:41:09.348" endtime="20210927 21:41:10.093"/>
</test>
<test id="s1-t6" name="Email não informado">
<kw name="Go To Login Page" library="auth">
<kw name="Go To" library="Browser">
<arg>https://bodytest-web-carlos.herokuapp.com/</arg>
<tag>BrowserControl</tag>
<tag>Setter</tag>
<doc>Navigates to the given ``url``.</doc>
<msg timestamp="20210927 21:41:10.651" level="INFO">Successfully opened URL https://bodytest-web-carlos.herokuapp.com/</msg>
<status status="PASS" starttime="20210927 21:41:10.106" endtime="20210927 21:41:10.651"/>
</kw>
<status status="PASS" starttime="20210927 21:41:10.106" endtime="20210927 21:41:10.651"/>
</kw>
<kw name="Login With" library="auth">
<arg>${EMPTY}</arg>
<arg>pwd123</arg>
<kw name="Fill Text" library="Browser">
<arg>css=input[name=email]</arg>
<arg>${email}</arg>
<tag>PageContent</tag>
<tag>Setter</tag>
<doc>Clears and fills the given ``txt`` into the text field found by ``selector``.</doc>
<msg timestamp="20210927 21:41:10.653" level="INFO">Fills the text '' in the given field.</msg>
<status status="PASS" starttime="20210927 21:41:10.652" endtime="20210927 21:41:10.691"/>
</kw>
<kw name="Fill Text" library="Browser">
<arg>css=input[name=password]</arg>
<arg>${pass}</arg>
<tag>PageContent</tag>
<tag>Setter</tag>
<doc>Clears and fills the given ``txt`` into the text field found by ``selector``.</doc>
<msg timestamp="20210927 21:41:10.692" level="INFO">Fills the text 'pwd123' in the given field.</msg>
<status status="PASS" starttime="20210927 21:41:10.691" endtime="20210927 21:41:10.716"/>
</kw>
<kw name="Click" library="Browser">
<arg>text=Entrar</arg>
<tag>PageContent</tag>
<tag>Setter</tag>
<doc>Simulates mouse click on the element found by ``selector``.</doc>
<status status="PASS" starttime="20210927 21:41:10.716" endtime="20210927 21:41:10.773"/>
</kw>
<status status="PASS" starttime="20210927 21:41:10.651" endtime="20210927 21:41:10.773"/>
</kw>
<kw name="Alert Text Should Be" library="auth">
<arg>O e-mail é obrigatório</arg>
<kw name="Wait For Elements State" library="Browser">
<arg>css=form span &gt;&gt; text=${expect_text}</arg>
<arg>visible</arg>
<arg>5</arg>
<tag>PageContent</tag>
<tag>Wait</tag>
<doc>Waits for the element found by ``selector`` to satisfy state option.</doc>
<msg timestamp="20210927 21:41:10.798" level="INFO">Wait for Element with selector: css=form span &gt;&gt; text=O e-mail é obrigatório</msg>
<status status="PASS" starttime="20210927 21:41:10.774" endtime="20210927 21:41:10.798"/>
</kw>
<status status="PASS" starttime="20210927 21:41:10.773" endtime="20210927 21:41:10.798"/>
</kw>
<kw name="LocalStorage Clear" library="Browser" type="TEARDOWN">
<tag>PageContent</tag>
<tag>Setter</tag>
<doc>Remove all saved data from the local storage.</doc>
<msg timestamp="20210927 21:41:10.803" level="INFO"/>
<status status="PASS" starttime="20210927 21:41:10.799" endtime="20210927 21:41:10.803"/>
</kw>
<status status="PASS" starttime="20210927 21:41:10.097" endtime="20210927 21:41:10.803"/>
</test>
<test id="s1-t7" name="Email e senha não informados">
<kw name="Go To Login Page" library="auth">
<kw name="Go To" library="Browser">
<arg>https://bodytest-web-carlos.herokuapp.com/</arg>
<tag>BrowserControl</tag>
<tag>Setter</tag>
<doc>Navigates to the given ``url``.</doc>
<msg timestamp="20210927 21:41:11.360" level="INFO">Successfully opened URL https://bodytest-web-carlos.herokuapp.com/</msg>
<status status="PASS" starttime="20210927 21:41:10.812" endtime="20210927 21:41:11.361"/>
</kw>
<status status="PASS" starttime="20210927 21:41:10.812" endtime="20210927 21:41:11.361"/>
</kw>
<kw name="Login With" library="auth">
<arg>${EMPTY}</arg>
<arg>${EMPTY}</arg>
<kw name="Fill Text" library="Browser">
<arg>css=input[name=email]</arg>
<arg>${email}</arg>
<tag>PageContent</tag>
<tag>Setter</tag>
<doc>Clears and fills the given ``txt`` into the text field found by ``selector``.</doc>
<msg timestamp="20210927 21:41:11.363" level="INFO">Fills the text '' in the given field.</msg>
<status status="PASS" starttime="20210927 21:41:11.362" endtime="20210927 21:41:11.399"/>
</kw>
<kw name="Fill Text" library="Browser">
<arg>css=input[name=password]</arg>
<arg>${pass}</arg>
<tag>PageContent</tag>
<tag>Setter</tag>
<doc>Clears and fills the given ``txt`` into the text field found by ``selector``.</doc>
<msg timestamp="20210927 21:41:11.399" level="INFO">Fills the text '' in the given field.</msg>
<status status="PASS" starttime="20210927 21:41:11.399" endtime="20210927 21:41:11.425"/>
</kw>
<kw name="Click" library="Browser">
<arg>text=Entrar</arg>
<tag>PageContent</tag>
<tag>Setter</tag>
<doc>Simulates mouse click on the element found by ``selector``.</doc>
<status status="PASS" starttime="20210927 21:41:11.425" endtime="20210927 21:41:11.490"/>
</kw>
<status status="PASS" starttime="20210927 21:41:11.361" endtime="20210927 21:41:11.491"/>
</kw>
<kw name="Alert Text Should Be" library="auth">
<arg>A senha é obrigatória</arg>
<kw name="Wait For Elements State" library="Browser">
<arg>css=form span &gt;&gt; text=${expect_text}</arg>
<arg>visible</arg>
<arg>5</arg>
<tag>PageContent</tag>
<tag>Wait</tag>
<doc>Waits for the element found by ``selector`` to satisfy state option.</doc>
<msg timestamp="20210927 21:41:11.514" level="INFO">Wait for Element with selector: css=form span &gt;&gt; text=A senha é obrigatória</msg>
<status status="PASS" starttime="20210927 21:41:11.491" endtime="20210927 21:41:11.514"/>
</kw>
<status status="PASS" starttime="20210927 21:41:11.491" endtime="20210927 21:41:11.514"/>
</kw>
<kw name="Alert Text Should Be" library="auth">
<arg>O e-mail é obrigatório</arg>
<kw name="Wait For Elements State" library="Browser">
<arg>css=form span &gt;&gt; text=${expect_text}</arg>
<arg>visible</arg>
<arg>5</arg>
<tag>PageContent</tag>
<tag>Wait</tag>
<doc>Waits for the element found by ``selector`` to satisfy state option.</doc>
<msg timestamp="20210927 21:41:11.542" level="INFO">Wait for Element with selector: css=form span &gt;&gt; text=O e-mail é obrigatório</msg>
<status status="PASS" starttime="20210927 21:41:11.515" endtime="20210927 21:41:11.543"/>
</kw>
<status status="PASS" starttime="20210927 21:41:11.514" endtime="20210927 21:41:11.543"/>
</kw>
<kw name="LocalStorage Clear" library="Browser" type="TEARDOWN">
<tag>PageContent</tag>
<tag>Setter</tag>
<doc>Remove all saved data from the local storage.</doc>
<msg timestamp="20210927 21:41:11.552" level="INFO"/>
<status status="PASS" starttime="20210927 21:41:11.543" endtime="20210927 21:41:11.552"/>
</kw>
<status status="PASS" starttime="20210927 21:41:10.808" endtime="20210927 21:41:11.552"/>
</test>
<doc>Suite para testes de Login do Administrador</doc>
<status status="PASS" starttime="20210927 21:40:57.328" endtime="20210927 21:41:11.560"/>
</suite>
<statistics>
<total>
<stat pass="7" fail="0" skip="0">All Tests</stat>
</total>
<tag>
</tag>
<suite>
<stat pass="7" fail="0" skip="0" id="s1" name="Login">Login</stat>
</suite>
</statistics>
<errors>
</errors>
</robot>
