<?xml version="1.0" encoding="UTF-8"?>
<robot generator="Robot 4.1.2 (Python 3.9.8 on darwin)" generated="20211120 19:14:06.004" rpa="false" schemaversion="2">
<suite id="s1" name="Cadastro Alunos" source="/Users/carlosvinicius/RobotFramework/bodytest/tests/cadastro_alunos.robot">
<kw name="Start Admin Session" library="base" type="SETUP">
<kw name="Start Browser Session" library="base">
<kw name="New Browser" library="Browser">
<arg>chromium</arg>
<arg>False</arg>
<tag>BrowserControl</tag>
<tag>Setter</tag>
<doc>Create a new playwright Browser with specified options.</doc>
<msg timestamp="20211120 19:14:06.377" level="INFO">{"browser": "chromium", "headless": false, "handleSIGINT": true, "handleSIGTERM": true, "handleSIGHUP": true, "timeout": 30000.0, "devtools": false, "slowMo": 0.0, "tracesDir": "/Users/carlosvinicius/RobotFramework/bodytest/logs/browser/traces/1c080889-e9a8-444a-9056-5a3b7bf35db8"}</msg>
<msg timestamp="20211120 19:14:06.969" level="INFO">Successfully created browser with options: {"browser":"chromium","headless":false,"handleSIGINT":true,"handleSIGTERM":true,"handleSIGHUP":true,"timeout":30000,"devtools":false,"slowMo":0,"tracesDir":"/Users/carlosvinicius/RobotFramework/bodytest/logs/browser/traces/1c080889-e9a8-444a-9056-5a3b7bf35db8"}</msg>
<status status="PASS" starttime="20211120 19:14:06.377" endtime="20211120 19:14:06.969"/>
</kw>
<kw name="New Page" library="Browser">
<arg>about:blank</arg>
<tag>BrowserControl</tag>
<tag>Setter</tag>
<doc>Open a new Page. A Page is the Playwright equivalent to a tab.
See `Browser, Context and Page` for more information about Page concept.
Returns a stable identifier for the created page.</doc>
<msg timestamp="20211120 19:14:07.512" level="INFO">Successfully initialized new page object and opened url: about:blank</msg>
<msg timestamp="20211120 19:14:07.512" level="INFO">No context was open. New context was automatically opened when this page is created.</msg>
<status status="PASS" starttime="20211120 19:14:06.969" endtime="20211120 19:14:07.512"/>
</kw>
<status status="PASS" starttime="20211120 19:14:06.377" endtime="20211120 19:14:07.512"/>
</kw>
<kw name="Go To Login Page" library="auth">
<kw name="Go To" library="Browser">
<arg>https://bodytest-web-carlos.herokuapp.com/</arg>
<tag>BrowserControl</tag>
<tag>Setter</tag>
<doc>Navigates to the given ``url``.</doc>
<msg timestamp="20211120 19:14:10.291" level="INFO">Successfully opened URL https://bodytest-web-carlos.herokuapp.com/</msg>
<status status="PASS" starttime="20211120 19:14:07.513" endtime="20211120 19:14:10.292"/>
</kw>
<status status="PASS" starttime="20211120 19:14:07.512" endtime="20211120 19:14:10.292"/>
</kw>
<kw name="Login With" library="auth">
<arg>admin@bodytest.com</arg>
<arg>pwd123</arg>
<kw name="Fill Text" library="Browser">
<arg>css=input[name=email]</arg>
<arg>${email}</arg>
<tag>PageContent</tag>
<tag>Setter</tag>
<doc>Clears and fills the given ``txt`` into the text field found by ``selector``.</doc>
<msg timestamp="20211120 19:14:10.292" level="INFO">Fills the text 'admin@bodytest.com' in the given field.</msg>
<status status="PASS" starttime="20211120 19:14:10.292" endtime="20211120 19:14:10.323"/>
</kw>
<kw name="Fill Text" library="Browser">
<arg>css=input[name=password]</arg>
<arg>${pass}</arg>
<tag>PageContent</tag>
<tag>Setter</tag>
<doc>Clears and fills the given ``txt`` into the text field found by ``selector``.</doc>
<msg timestamp="20211120 19:14:10.324" level="INFO">Fills the text 'pwd123' in the given field.</msg>
<status status="PASS" starttime="20211120 19:14:10.323" endtime="20211120 19:14:10.338"/>
</kw>
<kw name="Click" library="Browser">
<arg>text=Entrar</arg>
<tag>PageContent</tag>
<tag>Setter</tag>
<doc>Simulates mouse click on the element found by ``selector``.</doc>
<status status="PASS" starttime="20211120 19:14:10.338" endtime="20211120 19:14:10.390"/>
</kw>
<status status="PASS" starttime="20211120 19:14:10.292" endtime="20211120 19:14:10.390"/>
</kw>
<kw name="User Should Be Logged In" library="nav">
<arg>Administrador</arg>
<kw name="Get Text" library="Browser">
<arg>css=aside strong</arg>
<arg>should be</arg>
<arg>${user_name}</arg>
<tag>Assertion</tag>
<tag>Getter</tag>
<tag>PageContent</tag>
<doc>Returns text attribute of the element found by ``selector``.</doc>
<status status="PASS" starttime="20211120 19:14:10.390" endtime="20211120 19:14:11.462"/>
</kw>
<status status="PASS" starttime="20211120 19:14:10.390" endtime="20211120 19:14:11.462"/>
</kw>
<status status="PASS" starttime="20211120 19:14:06.377" endtime="20211120 19:14:11.462"/>
</kw>
<test id="s1-t1" name="Novo aluno">
<kw name="Create Dictionary" library="BuiltIn">
<var>&amp;{student}</var>
<arg>name=Carlos Vinicius</arg>
<arg>email=carlos@teste.com</arg>
<arg>age=20</arg>
<arg>weight=80</arg>
<arg>feet_tall=1.85</arg>
<doc>Creates and returns a dictionary based on the given ``items``.</doc>
<msg timestamp="20211120 19:14:11.466" level="INFO">&amp;{student} = { name=Carlos Vinicius | email=carlos@teste.com | age=20 | weight=80 | feet_tall=1.85 }</msg>
<status status="PASS" starttime="20211120 19:14:11.465" endtime="20211120 19:14:11.466"/>
</kw>
<kw name="Remove Student" library="DeloreanLibrary">
<arg>${student.email}</arg>
<status status="PASS" starttime="20211120 19:14:11.466" endtime="20211120 19:14:12.942"/>
</kw>
<kw name="Go To Students" library="nav">
<kw name="Click" library="Browser">
<arg>css=a[href$=alunos]</arg>
<tag>PageContent</tag>
<tag>Setter</tag>
<doc>Simulates mouse click on the element found by ``selector``.</doc>
<status status="PASS" starttime="20211120 19:14:12.944" endtime="20211120 19:14:13.008"/>
</kw>
<kw name="Wait For Elements State" library="Browser">
<arg>css=h1 &gt;&gt; text=Gestão de Alunos</arg>
<arg>visible</arg>
<arg>5</arg>
<tag>PageContent</tag>
<tag>Wait</tag>
<doc>Waits for the element found by ``selector`` to satisfy state option.</doc>
<msg timestamp="20211120 19:14:13.015" level="INFO">Waited for Element with selector css=h1 &gt;&gt; text=Gestão de Alunos at state visible</msg>
<status status="PASS" starttime="20211120 19:14:13.009" endtime="20211120 19:14:13.015"/>
</kw>
<status status="PASS" starttime="20211120 19:14:12.943" endtime="20211120 19:14:13.015"/>
</kw>
<kw name="Go To Form Student" library="students">
<kw name="Click" library="Browser">
<arg>css=a[href$="alunos/new"]</arg>
<tag>PageContent</tag>
<tag>Setter</tag>
<doc>Simulates mouse click on the element found by ``selector``.</doc>
<status status="PASS" starttime="20211120 19:14:13.016" endtime="20211120 19:14:13.062"/>
</kw>
<kw name="Wait For Elements State" library="Browser">
<arg>css=h1 &gt;&gt; text=Novo aluno</arg>
<arg>visible</arg>
<arg>5</arg>
<tag>PageContent</tag>
<tag>Wait</tag>
<doc>Waits for the element found by ``selector`` to satisfy state option.</doc>
<msg timestamp="20211120 19:14:13.066" level="INFO">Waited for Element with selector css=h1 &gt;&gt; text=Novo aluno at state visible</msg>
<status status="PASS" starttime="20211120 19:14:13.063" endtime="20211120 19:14:13.066"/>
</kw>
<status status="PASS" starttime="20211120 19:14:13.015" endtime="20211120 19:14:13.066"/>
</kw>
<kw name="New Student" library="students">
<arg>${student}</arg>
<kw name="Fill Text" library="Browser">
<arg>css=input[name=name]</arg>
<arg>${student.name}</arg>
<tag>PageContent</tag>
<tag>Setter</tag>
<doc>Clears and fills the given ``txt`` into the text field found by ``selector``.</doc>
<msg timestamp="20211120 19:14:13.067" level="INFO">Fills the text 'Carlos Vinicius' in the given field.</msg>
<status status="PASS" starttime="20211120 19:14:13.067" endtime="20211120 19:14:13.079"/>
</kw>
<kw name="Fill Text" library="Browser">
<arg>css=input[name=email]</arg>
<arg>${student.email}</arg>
<tag>PageContent</tag>
<tag>Setter</tag>
<doc>Clears and fills the given ``txt`` into the text field found by ``selector``.</doc>
<msg timestamp="20211120 19:14:13.079" level="INFO">Fills the text 'carlos@teste.com' in the given field.</msg>
<status status="PASS" starttime="20211120 19:14:13.079" endtime="20211120 19:14:13.084"/>
</kw>
<kw name="Fill Text" library="Browser">
<arg>css=input[name=age]</arg>
<arg>${student.age}</arg>
<tag>PageContent</tag>
<tag>Setter</tag>
<doc>Clears and fills the given ``txt`` into the text field found by ``selector``.</doc>
<msg timestamp="20211120 19:14:13.085" level="INFO">Fills the text '20' in the given field.</msg>
<status status="PASS" starttime="20211120 19:14:13.085" endtime="20211120 19:14:13.090"/>
</kw>
<kw name="Fill Text" library="Browser">
<arg>css=input[name=weight]</arg>
<arg>${student.weight}</arg>
<tag>PageContent</tag>
<tag>Setter</tag>
<doc>Clears and fills the given ``txt`` into the text field found by ``selector``.</doc>
<msg timestamp="20211120 19:14:13.091" level="INFO">Fills the text '80' in the given field.</msg>
<status status="PASS" starttime="20211120 19:14:13.090" endtime="20211120 19:14:13.097"/>
</kw>
<kw name="Fill Text" library="Browser">
<arg>css=input[name=feet_tall]</arg>
<arg>${student.feet_tall}</arg>
<tag>PageContent</tag>
<tag>Setter</tag>
<doc>Clears and fills the given ``txt`` into the text field found by ``selector``.</doc>
<msg timestamp="20211120 19:14:13.098" level="INFO">Fills the text '1.85' in the given field.</msg>
<status status="PASS" starttime="20211120 19:14:13.097" endtime="20211120 19:14:13.103"/>
</kw>
<kw name="Click" library="Browser">
<arg>xpath=//button[contains(text(), "Salvar")]</arg>
<tag>PageContent</tag>
<tag>Setter</tag>
<doc>Simulates mouse click on the element found by ``selector``.</doc>
<status status="PASS" starttime="20211120 19:14:13.103" endtime="20211120 19:14:13.132"/>
</kw>
<status status="PASS" starttime="20211120 19:14:13.066" endtime="20211120 19:14:13.132"/>
</kw>
<kw name="Toaster Text Should Be" library="components">
<arg>Aluno cadastrado com sucesso.</arg>
<kw name="Wait For Elements State" library="Browser">
<arg>css=.Toastify__toast-body &gt;&gt; text=${expect_text}</arg>
<arg>visible</arg>
<arg>5</arg>
<tag>PageContent</tag>
<tag>Wait</tag>
<doc>Waits for the element found by ``selector`` to satisfy state option.</doc>
<msg timestamp="20211120 19:14:13.529" level="INFO">Waited for Element with selector css=.Toastify__toast-body &gt;&gt; text=Aluno cadastrado com sucesso. at state visible</msg>
<status status="PASS" starttime="20211120 19:14:13.132" endtime="20211120 19:14:13.529"/>
</kw>
<status status="PASS" starttime="20211120 19:14:13.132" endtime="20211120 19:14:13.529"/>
</kw>
<kw name="Thinking And Take Screenshot" library="base" type="TEARDOWN">
<arg>2</arg>
<kw name="Sleep" library="BuiltIn">
<arg>${timeout}</arg>
<doc>Pauses the test executed for the given time.</doc>
<msg timestamp="20211120 19:14:15.531" level="INFO">Slept 2 seconds</msg>
<status status="PASS" starttime="20211120 19:14:13.530" endtime="20211120 19:14:15.531"/>
</kw>
<kw name="Take Screenshot" library="Browser">
<tag>PageContent</tag>
<doc>Takes a screenshot of the current window or element and saves it to disk.</doc>
<msg timestamp="20211120 19:14:15.648" level="INFO" html="true">&lt;/td&gt;&lt;/tr&gt;&lt;tr&gt;&lt;td colspan="3"&gt;&lt;a href="browser/screenshot/robotframework-browser-screenshot-1.png"&gt;&lt;img src="browser/screenshot/robotframework-browser-screenshot-1.png" width="800px"&gt;&lt;/a&gt;</msg>
<status status="PASS" starttime="20211120 19:14:15.532" endtime="20211120 19:14:15.648"/>
</kw>
<status status="PASS" starttime="20211120 19:14:13.530" endtime="20211120 19:14:15.648"/>
</kw>
<status status="PASS" starttime="20211120 19:14:11.462" endtime="20211120 19:14:15.648"/>
</test>
<doc>Cadastro de Alunos</doc>
<status status="PASS" starttime="20211120 19:14:06.005" endtime="20211120 19:14:15.650"/>
</suite>
<statistics>
<total>
<stat pass="1" fail="0" skip="0">All Tests</stat>
</total>
<tag>
</tag>
<suite>
<stat pass="1" fail="0" skip="0" id="s1" name="Cadastro Alunos">Cadastro Alunos</stat>
</suite>
</statistics>
<errors>
</errors>
</robot>
